2014-12-03 18:43:28,081 - [INFO] - from play in pool-4-thread-1 
Listening for HTTP on /0:0:0:0:0:0:0:0:9000

2014-12-03 18:44:52,012 - [INFO] - from application in play-internal-execution-context-1 
Application started!

2014-12-03 18:44:52,071 - [ERROR] - from application in New I/O worker #1 


! @6kd0n4mdp - Internal server error, for (GET) [/] ->

play.api.UnexpectedException: Unexpected exception[IllegalArgumentException: uri needs to start with mongodb://]
	at play.core.ReloadableApplication$$anonfun$get$1$$anonfun$apply$1$$anonfun$1.apply(ApplicationProvider.scala:166) ~[play_2.11-2.3.5.jar:2.3.5]
	at play.core.ReloadableApplication$$anonfun$get$1$$anonfun$apply$1$$anonfun$1.apply(ApplicationProvider.scala:130) ~[play_2.11-2.3.5.jar:2.3.5]
	at scala.Option.map(Option.scala:145) ~[scala-library-2.11.1.jar:na]
	at play.core.ReloadableApplication$$anonfun$get$1$$anonfun$apply$1.apply(ApplicationProvider.scala:130) ~[play_2.11-2.3.5.jar:2.3.5]
	at play.core.ReloadableApplication$$anonfun$get$1$$anonfun$apply$1.apply(ApplicationProvider.scala:128) ~[play_2.11-2.3.5.jar:2.3.5]
	at scala.util.Success.flatMap(Try.scala:230) ~[scala-library-2.11.1.jar:na]
	at play.core.ReloadableApplication$$anonfun$get$1.apply(ApplicationProvider.scala:128) ~[play_2.11-2.3.5.jar:2.3.5]
	at play.core.ReloadableApplication$$anonfun$get$1.apply(ApplicationProvider.scala:120) ~[play_2.11-2.3.5.jar:2.3.5]
	at scala.concurrent.impl.Future$PromiseCompletingRunnable.liftedTree1$1(Future.scala:24) ~[scala-library-2.11.1.jar:na]
	at scala.concurrent.impl.Future$PromiseCompletingRunnable.run(Future.scala:24) ~[scala-library-2.11.1.jar:na]
	at scala.concurrent.forkjoin.ForkJoinTask$AdaptedRunnableAction.exec(ForkJoinTask.java:1361) ~[scala-library-2.11.1.jar:na]
	at scala.concurrent.forkjoin.ForkJoinTask.doExec(ForkJoinTask.java:260) ~[scala-library-2.11.1.jar:na]
	at scala.concurrent.forkjoin.ForkJoinPool$WorkQueue.runTask(ForkJoinPool.java:1339) ~[scala-library-2.11.1.jar:na]
	at scala.concurrent.forkjoin.ForkJoinPool.runWorker(ForkJoinPool.java:1979) ~[scala-library-2.11.1.jar:na]
	at scala.concurrent.forkjoin.ForkJoinWorkerThread.run(ForkJoinWorkerThread.java:107) ~[scala-library-2.11.1.jar:na]
Caused by: java.lang.IllegalArgumentException: uri needs to start with mongodb://
	at com.mongodb.MongoClientURI.<init>(MongoClientURI.java:181) ~[mongo-java-driver-2.12.2.jar:na]
	at com.mongodb.MongoClientURI.<init>(MongoClientURI.java:165) ~[mongo-java-driver-2.12.2.jar:na]
	at helper.datasources.MongoDB.connect(MongoDB.java:27) ~[na:na]
	at Global.onStart(Global.java:26) ~[na:na]
	at play.core.j.JavaGlobalSettingsAdapter.onStart(JavaGlobalSettingsAdapter.scala:22) ~[play_2.11-2.3.5.jar:2.3.5]
	at play.api.GlobalPlugin.onStart(GlobalSettings.scala:220) ~[play_2.11-2.3.5.jar:2.3.5]
	at play.api.Play$$anonfun$start$1$$anonfun$apply$mcV$sp$1.apply(Play.scala:91) ~[play_2.11-2.3.5.jar:2.3.5]
	at play.api.Play$$anonfun$start$1$$anonfun$apply$mcV$sp$1.apply(Play.scala:91) ~[play_2.11-2.3.5.jar:2.3.5]
	at scala.collection.immutable.List.foreach(List.scala:383) ~[scala-library-2.11.1.jar:na]
	at play.api.Play$$anonfun$start$1.apply$mcV$sp(Play.scala:91) ~[play_2.11-2.3.5.jar:2.3.5]
	at play.api.Play$$anonfun$start$1.apply(Play.scala:91) ~[play_2.11-2.3.5.jar:2.3.5]
	at play.api.Play$$anonfun$start$1.apply(Play.scala:91) ~[play_2.11-2.3.5.jar:2.3.5]
	at play.utils.Threads$.withContextClassLoader(Threads.scala:21) ~[play_2.11-2.3.5.jar:2.3.5]
	at play.api.Play$.start(Play.scala:90) ~[play_2.11-2.3.5.jar:2.3.5]
	at play.core.ReloadableApplication$$anonfun$get$1$$anonfun$apply$1$$anonfun$1.apply(ApplicationProvider.scala:157) ~[play_2.11-2.3.5.jar:2.3.5]
	... 14 common frames omitted

